[LOG] System::create                           : Header version = 1.10.02. Current version = 1.10.02.
[LOG] Manager::init                            : maxchannels = 256 studioflags = 00000006 flags 00000000 extradriverdata 0000000000000000.
[LOG] SystemI::init                            : FMOD Studio Version: 00011002 (92217)
[LOG] SystemI::init                            : maxchannels = 256, flags = 00020000, extradriverdata = 0000000000000000
[LOG] SystemI::setOutputInternal               : Setting output to type 0
[LOG] SystemI::setOutputInternal               : Setting output to type 8
[LOG] SystemI::setOutputInternal               : Setting output to type 8
[LOG] OutputWASAPI::init                       : Mix Format (WAVEFORMATEX): wFormatTag=0xFFFE, nChannels=4, nSamplesPerSec=48000, nAvgBytesPerSec=768000, nBlockAlign=16, wBitsPerSample=32, cbSize=22.
[LOG] OutputWASAPI::init                       : Mix Format (WAVEFORMATEXTENSIBLE): wValidBitsPerSample=32, dwChannelMask=0x00000033, SubFormat=00000003-0000-0010-8000-00AA00389B71.
[LOG] OutputWASAPI::init                       : Output buffer size: 4096 samples, latency: 16.00ms, period: 10.00ms, DSP buffer: 1024 * 4
[LOG] SystemI::init                            : Create master channel group and master sound group.
[LOG] DownMix::init                            : dspbuffersize: 1024  rate: 48000. output speaker mode: 4, input speaker mode 3
[LOG] DownMix::init                            : done.
[LOG] SystemI::init                            : Set up emulated output.  256 channels
[LOG] SystemI::init                            : create the channel pool
[LOG] SystemI::init                            : create the stream thread
[LOG] Thread::initThread                       : Init FMOD stream thread. Priority: 2, Stack Size: 65536, Semaphore: No, Sleep Time: 10, Looping: Yes.
[LOG] Thread::initThread                       : Init FMOD mixer thread. Priority: 3, Stack Size: 49152, Semaphore: No, Sleep Time: 0, Looping: Yes.
[LOG] AsyncManager::init                       : manager 000000004F6BAB88 isAsync 0 updatePeriod 0.02
[LOG] AsyncManager::init                       : done
[LOG] PlaybackSystem::init                     : 
[LOG] Thread::initThread                       : Init FMOD Studio sample load thread. Priority: 0, Stack Size: 65536, Semaphore: No, Sleep Time: 1, Looping: No.
[LOG] PlaybackSystem::init                     : done
[LOG] Thread::initThread                       : Init FMOD Studio bank load thread. Priority: 0, Stack Size: 65536, Semaphore: No, Sleep Time: 1, Looping: No.
[LOG] Manager::init                            : done.
[LOG] Manager::readBank                        : fileversion = 99, compatVersion = 99 (oldest = 44, newest = 99)
[LOG] Manager::readBank                        : fileversion = 99, compatVersion = 99 (oldest = 44, newest = 99)
[LOG] Manager::readBank                        : fileversion = 99, compatVersion = 99 (oldest = 44, newest = 99)
[LOG] Manager::readBank                        : fileversion = 99, compatVersion = 99 (oldest = 44, newest = 99)
[LOG] Manager::readBank                        : fileversion = 99, compatVersion = 99 (oldest = 44, newest = 99)
[LOG] PlaybackSystem::acquireMasterBus         : Setting master channel group format to 6
[LOG] SystemI::createSound                     : filename = FMOD_CINETICGUN\Build\Desktop/Master Bank.bank : mode 02010082
[LOG] SystemI::createSound                     : FMOD_NONBLOCKING specified.  Putting into queue to be opened asynchronously!
[LOG] Thread::initThread                       : Init FMOD nonblocking thread (0). Priority: 1, Stack Size: 81920, Semaphore: Yes, Sleep Time: 0, Looping: Yes.
[LOG] SystemI::createSound                     : setdata soundi = 000000004E742708 : node = 000000004F3C0D40
[LOG] SystemI::createSound                     : add node to async list : head = 0000000053539358.  list count = 0
[LOG] AsyncThread::threadFunc                  : Starting Asynchronous operation on sound 000000004E742708
[LOG] SystemI::createSoundInternal             :     filename = FMOD_CINETICGUN\Build\Desktop/Master Bank.bank : mode 02010082
[LOG] SystemI::createSoundInternal             :     exinfo->cbsize             = 232
[LOG] SystemI::createSoundInternal             :     exinfo->length             = 4508224
[LOG] SystemI::createSoundInternal             :     exinfo->fileoffset         = 65600
[LOG] SystemI::createSoundInternal             :     exinfo->numsubsounds       = 1
[LOG] SystemI::createSoundInternal             :     exinfo->inclusionlist      = 000000004F3C0E58
[LOG] SystemI::createSoundInternal             :     exinfo->inclusionlistnum   = 1
[LOG] SystemI::createSoundInternal             :     exinfo->suggestedsoundtype = 5
[LOG] SystemI::createSoundInternal             :     exinfo->initialseekpostype = 1
[LOG] SystemI::createSoundInternal             :     Format has 1 subsounds.
[LOG] SystemI::createSoundInternal             :     Create as FMOD_CREATESTREAM
[LOG] System::createSoundInternal              :     decode buffersize = 19200 : blocksize = 256 : format = 2
[LOG] SystemI::createSample                    :     mode 02010082 length 19200 samples, lengthbytes 258624
[LOG] SystemI::createSample                    :     channels = 2
[LOG] SystemI::createSample                    :     output = 0000000053547EE8
[LOG] OutputSoftware::createSample             :     lengthpcm 19200, lengthbytes 258624, channels 2, format 2, freq 48000, mode 0201008a
[LOG] System::createSoundInternal              :     1 subsounds detected.
[LOG] System::createSoundInternal              :     Seek stream to start
[LOG] System::createSoundInternal              :     flush stream buffer
[LOG] System::createSoundInternal              :     flush successful.
[LOG] System::createSoundInternal              :     switch file handle from small blocking single buffered to large nonblocking doublebuffered.
[LOG] Thread::initThread                       :         Init FMOD file thread. Priority: 1, Stack Size: 16384, Semaphore: No, Sleep Time: 10, Looping: Yes.
[LOG] SystemI::createSoundInternal             :     done.  OpenState now = FMOD_OPENSTATE_READY.

[LOG] AsyncThread::threadFunc                  : Finished Asynchronous operation on sound 000000004E742708
[LOG] SoundI::getSubSound                      : sound 000000004E742708.  Subsound index 0 / 1
[LOG] SystemI::createSound                     : filename = FMOD_CINETICGUN\Build\Desktop/Master Bank.bank : mode 02010082
[LOG] SystemI::createSound                     : FMOD_NONBLOCKING specified.  Putting into queue to be opened asynchronously!
[LOG] SystemI::createSound                     : setdata soundi = 000000004E742A68 : node = 000000004F3C0FE0
[LOG] SystemI::createSound                     : add node to async list : head = 0000000053539358.  list count = 0
[LOG] AsyncThread::threadFunc                  : Starting Asynchronous operation on sound 000000004E742A68
[LOG] SystemI::createSoundInternal             :     filename = FMOD_CINETICGUN\Build\Desktop/Master Bank.bank : mode 02010082
[LOG] SystemI::createSoundInternal             :     exinfo->cbsize             = 232
[LOG] SystemI::createSoundInternal             :     exinfo->length             = 4508224
[LOG] SystemI::createSoundInternal             :     exinfo->fileoffset         = 65600
[LOG] SystemI::createSoundInternal             :     exinfo->numsubsounds       = 1
[LOG] SystemI::createSoundInternal             :     exinfo->inclusionlist      = 000000004F3C10F8
[LOG] SystemI::createSoundInternal             :     exinfo->inclusionlistnum   = 1
[LOG] SystemI::createSoundInternal             :     exinfo->suggestedsoundtype = 5
[LOG] SystemI::createSoundInternal             :     exinfo->initialseekpostype = 1
[LOG] SystemI::createSoundInternal             :     Format has 1 subsounds.
[LOG] SystemI::createSoundInternal             :     Create as FMOD_CREATESTREAM
[LOG] System::createSoundInternal              :     decode buffersize = 19200 : blocksize = 256 : format = 2
[LOG] SystemI::createSample                    :     mode 02010082 length 19200 samples, lengthbytes 258624
[LOG] SystemI::createSample                    :     channels = 2
[LOG] SystemI::createSample                    :     output = 0000000053547EE8
[LOG] OutputSoftware::createSample             :     lengthpcm 19200, lengthbytes 258624, channels 2, format 2, freq 48000, mode 0201008a
[LOG] System::createSoundInternal              :     1 subsounds detected.
[LOG] System::createSoundInternal              :     Seek stream to start
[LOG] System::createSoundInternal              :     flush stream buffer
[LOG] System::createSoundInternal              :     flush successful.
[LOG] System::createSoundInternal              :     switch file handle from small blocking single buffered to large nonblocking doublebuffered.
[LOG] SystemI::createSoundInternal             :     done.  OpenState now = FMOD_OPENSTATE_READY.

[LOG] AsyncThread::threadFunc                  : Finished Asynchronous operation on sound 000000004E742A68
[LOG] SoundI::getSubSound                      : sound 000000004E742A68.  Subsound index 0 / 1
[LOG] SoundI::release                          : Tornado (000000004E742708)
[LOG] SoundI::release                          : remove stream samples. (000000004E742708)
[LOG] SoundI::release                          :     Tornado (0000000053539548)
[LOG] SoundI::release                          :     done
[LOG] SoundI::release                          : release subsounds. (000000004E742708)
[LOG] SoundI::release                          :     Tornado (000000003C4B6AA8)
[LOG] SoundI::release                          :     done
[LOG] SoundI::release                          : release codec. (000000004E742708)
[LOG] SoundI::release                          : done
[LOG] SystemI::createSound                     : filename = FMOD_CINETICGUN\Build\Desktop/Master Bank.bank : mode 02010082
[LOG] SystemI::createSound                     : FMOD_NONBLOCKING specified.  Putting into queue to be opened asynchronously!
[LOG] SystemI::createSound                     : setdata soundi = 000000004E742708 : node = 000000004F3C0D40
[LOG] SystemI::createSound                     : add node to async list : head = 0000000053539358.  list count = 0
[LOG] AsyncThread::threadFunc                  : Starting Asynchronous operation on sound 000000004E742708
[LOG] SystemI::createSoundInternal             :     filename = FMOD_CINETICGUN\Build\Desktop/Master Bank.bank : mode 02010082
[LOG] SystemI::createSoundInternal             :     exinfo->cbsize             = 232
[LOG] SystemI::createSoundInternal             :     exinfo->length             = 4508224
[LOG] SystemI::createSoundInternal             :     exinfo->fileoffset         = 65600
[LOG] SystemI::createSoundInternal             :     exinfo->numsubsounds       = 1
[LOG] SystemI::createSoundInternal             :     exinfo->inclusionlist      = 000000004F3C0E58
[LOG] SystemI::createSoundInternal             :     exinfo->inclusionlistnum   = 1
[LOG] SystemI::createSoundInternal             :     exinfo->suggestedsoundtype = 5
[LOG] SystemI::createSoundInternal             :     exinfo->initialseekpostype = 1
[LOG] SystemI::createSoundInternal             :     Format has 1 subsounds.
[LOG] SystemI::createSoundInternal             :     Create as FMOD_CREATESTREAM
[LOG] System::createSoundInternal              :     decode buffersize = 19200 : blocksize = 256 : format = 2
[LOG] SystemI::createSample                    :     mode 02010082 length 19200 samples, lengthbytes 130944
[LOG] SystemI::createSample                    :     channels = 2
[LOG] SystemI::createSample                    :     output = 0000000053547EE8
[LOG] OutputSoftware::createSample             :     lengthpcm 19200, lengthbytes 130944, channels 2, format 2, freq 48000, mode 0201008a
[LOG] System::createSoundInternal              :     1 subsounds detected.
[LOG] System::createSoundInternal              :     Seek stream to start
[LOG] System::createSoundInternal              :     flush stream buffer
[LOG] System::createSoundInternal              :     flush successful.
[LOG] System::createSoundInternal              :     switch file handle from small blocking single buffered to large nonblocking doublebuffered.
[LOG] SystemI::createSoundInternal             :     done.  OpenState now = FMOD_OPENSTATE_READY.

[LOG] AsyncThread::threadFunc                  : Finished Asynchronous operation on sound 000000004E742708
[LOG] SoundI::getSubSound                      : sound 000000004E742708.  Subsound index 0 / 1
[LOG] SystemI::createSound                     : filename = FMOD_CINETICGUN\Build\Desktop/Master Bank.bank : mode 02010082
[LOG] SystemI::createSound                     : FMOD_NONBLOCKING specified.  Putting into queue to be opened asynchronously!
[LOG] SystemI::createSound                     : setdata soundi = 000000003C477FA8 : node = 000000004F3C0BF0
[LOG] SystemI::createSound                     : add node to async list : head = 0000000053539358.  list count = 0
[LOG] AsyncThread::threadFunc                  : Starting Asynchronous operation on sound 000000003C477FA8
[LOG] SystemI::createSoundInternal             :     filename = FMOD_CINETICGUN\Build\Desktop/Master Bank.bank : mode 02010082
[LOG] SystemI::createSoundInternal             :     exinfo->cbsize             = 232
[LOG] SystemI::createSoundInternal             :     exinfo->length             = 4508224
[LOG] SystemI::createSoundInternal             :     exinfo->fileoffset         = 65600
[LOG] SystemI::createSoundInternal             :     exinfo->numsubsounds       = 1
[LOG] SystemI::createSoundInternal             :     exinfo->inclusionlist      = 000000004F3C0D08
[LOG] SystemI::createSoundInternal             :     exinfo->inclusionlistnum   = 1
[LOG] SystemI::createSoundInternal             :     exinfo->suggestedsoundtype = 5
[LOG] SystemI::createSoundInternal             :     exinfo->initialseekpostype = 1
[LOG] SystemI::createSoundInternal             :     Format has 1 subsounds.
[LOG] SystemI::createSoundInternal             :     Create as FMOD_CREATESTREAM
[LOG] System::createSoundInternal              :     decode buffersize = 19200 : blocksize = 256 : format = 2
[LOG] SystemI::createSample                    :     mode 02010082 length 19200 samples, lengthbytes 258624
[LOG] SystemI::createSample                    :     channels = 2
[LOG] SystemI::createSample                    :     output = 0000000053547EE8
[LOG] OutputSoftware::createSample             :     lengthpcm 19200, lengthbytes 258624, channels 2, format 2, freq 48000, mode 0201008a
[LOG] System::createSoundInternal              :     1 subsounds detected.
[LOG] System::createSoundInternal              :     Seek stream to start
[LOG] System::createSoundInternal              :     flush stream buffer
[LOG] System::createSoundInternal              :     flush successful.
[LOG] System::createSoundInternal              :     switch file handle from small blocking single buffered to large nonblocking doublebuffered.
[LOG] SystemI::createSoundInternal             :     done.  OpenState now = FMOD_OPENSTATE_READY.

[LOG] AsyncThread::threadFunc                  : Finished Asynchronous operation on sound 000000003C477FA8
[LOG] SoundI::getSubSound                      : sound 000000003C477FA8.  Subsound index 0 / 1
[LOG] SoundI::release                          : Tornado (000000004E742A68)
[LOG] SoundI::release                          : remove stream samples. (000000004E742A68)
[LOG] SoundI::release                          :     Tornado (000000004F628AC8)
[LOG] SoundI::release                          :     done
[LOG] SoundI::release                          : release subsounds. (000000004E742A68)
[LOG] SoundI::release                          :     Tornado (000000004F6086C8)
[LOG] SoundI::release                          :     done
[LOG] SoundI::release                          : release codec. (000000004E742A68)
[LOG] SoundI::release                          : done
[LOG] SystemI::createSound                     : filename = FMOD_CINETICGUN\Build\Desktop/Master Bank.bank : mode 02010082
[LOG] SystemI::createSound                     : FMOD_NONBLOCKING specified.  Putting into queue to be opened asynchronously!
[LOG] SystemI::createSound                     : setdata soundi = 000000004E742A68 : node = 000000004F3C0FE0
[LOG] SystemI::createSound                     : add node to async list : head = 0000000053539358.  list count = 0
[LOG] AsyncThread::threadFunc                  : Starting Asynchronous operation on sound 000000004E742A68
[LOG] SystemI::createSoundInternal             :     filename = FMOD_CINETICGUN\Build\Desktop/Master Bank.bank : mode 02010082
[LOG] SystemI::createSoundInternal             :     exinfo->cbsize             = 232
[LOG] SystemI::createSoundInternal             :     exinfo->length             = 4508224
[LOG] SystemI::createSoundInternal             :     exinfo->fileoffset         = 65600
[LOG] SystemI::createSoundInternal             :     exinfo->numsubsounds       = 1
[LOG] SystemI::createSoundInternal             :     exinfo->inclusionlist      = 000000004F3C10F8
[LOG] SystemI::createSoundInternal             :     exinfo->inclusionlistnum   = 1
[LOG] SystemI::createSoundInternal             :     exinfo->suggestedsoundtype = 5
[LOG] SystemI::createSoundInternal             :     exinfo->initialseekpostype = 1
[LOG] SystemI::createSoundInternal             :     Format has 1 subsounds.
[LOG] SystemI::createSoundInternal             :     Create as FMOD_CREATESTREAM
[LOG] System::createSoundInternal              :     decode buffersize = 19200 : blocksize = 256 : format = 2
[LOG] SystemI::createSample                    :     mode 02010082 length 19200 samples, lengthbytes 258624
[LOG] SystemI::createSample                    :     channels = 2
[LOG] SystemI::createSample                    :     output = 0000000053547EE8
[LOG] OutputSoftware::createSample             :     lengthpcm 19200, lengthbytes 258624, channels 2, format 2, freq 48000, mode 0201008a
[LOG] System::createSoundInternal              :     1 subsounds detected.
[LOG] System::createSoundInternal              :     Seek stream to start
[LOG] System::createSoundInternal              :     flush stream buffer
[LOG] System::createSoundInternal              :     flush successful.
[LOG] System::createSoundInternal              :     switch file handle from small blocking single buffered to large nonblocking doublebuffered.
[LOG] SystemI::createSoundInternal             :     done.  OpenState now = FMOD_OPENSTATE_READY.

[LOG] AsyncThread::threadFunc                  : Finished Asynchronous operation on sound 000000004E742A68
[LOG] SoundI::getSubSound                      : sound 000000004E742A68.  Subsound index 0 / 1
[LOG] SoundI::release                          : Tornado (000000003C477FA8)
[LOG] SoundI::release                          : remove stream samples. (000000003C477FA8)
[LOG] SoundI::release                          :     Tornado (000000004F628C68)
[LOG] SoundI::release                          :     done
[LOG] SoundI::release                          : release subsounds. (000000003C477FA8)
[LOG] SoundI::release                          :     Tornado (000000004F608A28)
[LOG] SoundI::release                          :     done
[LOG] SoundI::release                          : release codec. (000000003C477FA8)
[LOG] SoundI::release                          : done
[LOG] SystemI::createSound                     : filename = FMOD_CINETICGUN\Build\Desktop/Master Bank.bank : mode 02010082
[LOG] SystemI::createSound                     : FMOD_NONBLOCKING specified.  Putting into queue to be opened asynchronously!
[LOG] SystemI::createSound                     : setdata soundi = 000000003C477FA8 : node = 000000004F3C0BF0
[LOG] SystemI::createSound                     : add node to async list : head = 0000000053539358.  list count = 0
[LOG] AsyncThread::threadFunc                  : Starting Asynchronous operation on sound 000000003C477FA8
[LOG] SystemI::createSoundInternal             :     filename = FMOD_CINETICGUN\Build\Desktop/Master Bank.bank : mode 02010082
[LOG] SystemI::createSoundInternal             :     exinfo->cbsize             = 232
[LOG] SystemI::createSoundInternal             :     exinfo->length             = 4508224
[LOG] SystemI::createSoundInternal             :     exinfo->fileoffset         = 65600
[LOG] SystemI::createSoundInternal             :     exinfo->numsubsounds       = 1
[LOG] SystemI::createSoundInternal             :     exinfo->inclusionlist      = 000000004F3C0D08
[LOG] SystemI::createSoundInternal             :     exinfo->inclusionlistnum   = 1
[LOG] SystemI::createSoundInternal             :     exinfo->suggestedsoundtype = 5
[LOG] SystemI::createSoundInternal             :     exinfo->initialseekpostype = 1
[LOG] SystemI::createSoundInternal             :     Format has 1 subsounds.
[LOG] SystemI::createSoundInternal             :     Create as FMOD_CREATESTREAM
[LOG] System::createSoundInternal              :     decode buffersize = 19200 : blocksize = 256 : format = 2
[LOG] SystemI::createSample                    :     mode 02010082 length 19200 samples, lengthbytes 258624
[LOG] SystemI::createSample                    :     channels = 2
[LOG] SystemI::createSample                    :     output = 0000000053547EE8
[LOG] OutputSoftware::createSample             :     lengthpcm 19200, lengthbytes 258624, channels 2, format 2, freq 48000, mode 0201008a
[LOG] System::createSoundInternal              :     1 subsounds detected.
[LOG] System::createSoundInternal              :     Seek stream to start
[LOG] System::createSoundInternal              :     flush stream buffer
[LOG] System::createSoundInternal              :     flush successful.
[LOG] System::createSoundInternal              :     switch file handle from small blocking single buffered to large nonblocking doublebuffered.
[LOG] SystemI::createSoundInternal             :     done.  OpenState now = FMOD_OPENSTATE_READY.

[LOG] AsyncThread::threadFunc                  : Finished Asynchronous operation on sound 000000003C477FA8
[LOG] SoundI::getSubSound                      : sound 000000003C477FA8.  Subsound index 0 / 1
[LOG] SoundI::release                          : Tornado (000000004E742A68)
[LOG] SoundI::release                          : remove stream samples. (000000004E742A68)
[LOG] SoundI::release                          :     Tornado (000000004F628AC8)
[LOG] SoundI::release                          :     done
[LOG] SoundI::release                          : release subsounds. (000000004E742A68)
[LOG] SoundI::release                          :     Tornado (000000004F6086C8)
[LOG] SoundI::release                          :     done
[LOG] SoundI::release                          : release codec. (000000004E742A68)
[LOG] SoundI::release                          : done
[LOG] SoundI::release                          : Tornado (000000003C477FA8)
[LOG] SoundI::release                          : remove stream samples. (000000003C477FA8)
[LOG] SoundI::release                          :     Tornado (000000004F628C68)
[LOG] SoundI::release                          :     done
[LOG] SoundI::release                          : release subsounds. (000000003C477FA8)
[LOG] SoundI::release                          :     Tornado (000000004F608A28)
[LOG] SoundI::release                          :     done
[LOG] SoundI::release                          : release codec. (000000003C477FA8)
[LOG] SoundI::release                          : done
[LOG] SystemI::createSound                     : filename = FMOD_CINETICGUN\Build\Desktop/Master Bank.bank : mode 02010082
[LOG] SystemI::createSound                     : FMOD_NONBLOCKING specified.  Putting into queue to be opened asynchronously!
[LOG] SystemI::createSound                     : setdata soundi = 000000003C477FA8 : node = 000000004F3C0BF0
[LOG] SystemI::createSound                     : add node to async list : head = 0000000053539358.  list count = 0
[LOG] AsyncThread::threadFunc                  : Starting Asynchronous operation on sound 000000003C477FA8
[LOG] SystemI::createSoundInternal             :     filename = FMOD_CINETICGUN\Build\Desktop/Master Bank.bank : mode 02010082
[LOG] SystemI::createSoundInternal             :     exinfo->cbsize             = 232
[LOG] SystemI::createSoundInternal             :     exinfo->length             = 4508224
[LOG] SystemI::createSoundInternal             :     exinfo->fileoffset         = 65600
[LOG] SystemI::createSoundInternal             :     exinfo->numsubsounds       = 1
[LOG] SystemI::createSoundInternal             :     exinfo->inclusionlist      = 000000004F3C0D08
[LOG] SystemI::createSoundInternal             :     exinfo->inclusionlistnum   = 1
[LOG] SystemI::createSoundInternal             :     exinfo->suggestedsoundtype = 5
[LOG] SystemI::createSoundInternal             :     exinfo->initialseekpostype = 1
[LOG] SystemI::createSoundInternal             :     Format has 1 subsounds.
[LOG] SystemI::createSoundInternal             :     Create as FMOD_CREATESTREAM
[LOG] System::createSoundInternal              :     decode buffersize = 19200 : blocksize = 256 : format = 2
[LOG] SystemI::createSample                    :     mode 02010082 length 19200 samples, lengthbytes 258624
[LOG] SystemI::createSample                    :     channels = 2
[LOG] SystemI::createSample                    :     output = 0000000053547EE8
[LOG] OutputSoftware::createSample             :     lengthpcm 19200, lengthbytes 258624, channels 2, format 2, freq 48000, mode 0201008a
[LOG] System::createSoundInternal              :     1 subsounds detected.
[LOG] System::createSoundInternal              :     Seek stream to start
[LOG] System::createSoundInternal              :     flush stream buffer
[LOG] System::createSoundInternal              :     flush successful.
[LOG] System::createSoundInternal              :     switch file handle from small blocking single buffered to large nonblocking doublebuffered.
[LOG] SystemI::createSoundInternal             :     done.  OpenState now = FMOD_OPENSTATE_READY.

[LOG] AsyncThread::threadFunc                  : Finished Asynchronous operation on sound 000000003C477FA8
[LOG] SoundI::getSubSound                      : sound 000000003C477FA8.  Subsound index 0 / 1
[LOG] SoundI::release                          : Tornado (000000003C477FA8)
[LOG] SoundI::release                          : remove stream samples. (000000003C477FA8)
[LOG] SoundI::release                          :     Tornado (000000005380A5A8)
[LOG] SoundI::release                          :     done
[LOG] SoundI::release                          : release subsounds. (000000003C477FA8)
[LOG] SoundI::release                          :     Tornado (000000004F608A28)
[LOG] SoundI::release                          :     done
[LOG] SoundI::release                          : release codec. (000000003C477FA8)
[LOG] SoundI::release                          : done
[LOG] SystemI::createSound                     : filename = FMOD_CINETICGUN\Build\Desktop/Master Bank.bank : mode 02010082
[LOG] SystemI::createSound                     : FMOD_NONBLOCKING specified.  Putting into queue to be opened asynchronously!
[LOG] SystemI::createSound                     : setdata soundi = 000000003C477FA8 : node = 000000004F3C0BF0
[LOG] SystemI::createSound                     : add node to async list : head = 0000000053539358.  list count = 0
[LOG] AsyncThread::threadFunc                  : Starting Asynchronous operation on sound 000000003C477FA8
[LOG] SystemI::createSoundInternal             :     filename = FMOD_CINETICGUN\Build\Desktop/Master Bank.bank : mode 02010082
[LOG] SystemI::createSoundInternal             :     exinfo->cbsize             = 232
[LOG] SystemI::createSoundInternal             :     exinfo->length             = 4508224
[LOG] SystemI::createSoundInternal             :     exinfo->fileoffset         = 65600
[LOG] SystemI::createSoundInternal             :     exinfo->numsubsounds       = 1
[LOG] SystemI::createSoundInternal             :     exinfo->inclusionlist      = 000000004F3C0D08
[LOG] SystemI::createSoundInternal             :     exinfo->inclusionlistnum   = 1
[LOG] SystemI::createSoundInternal             :     exinfo->suggestedsoundtype = 5
[LOG] SystemI::createSoundInternal             :     exinfo->initialseekpostype = 1
[LOG] SystemI::createSoundInternal             :     Format has 1 subsounds.
[LOG] SystemI::createSoundInternal             :     Create as FMOD_CREATESTREAM
[LOG] System::createSoundInternal              :     decode buffersize = 19200 : blocksize = 256 : format = 2
[LOG] SystemI::createSample                    :     mode 02010082 length 19200 samples, lengthbytes 258624
[LOG] SystemI::createSample                    :     channels = 2
[LOG] SystemI::createSample                    :     output = 0000000053547EE8
[LOG] OutputSoftware::createSample             :     lengthpcm 19200, lengthbytes 258624, channels 2, format 2, freq 48000, mode 0201008a
[LOG] System::createSoundInternal              :     1 subsounds detected.
[LOG] System::createSoundInternal              :     Seek stream to start
[LOG] System::createSoundInternal              :     flush stream buffer
[LOG] System::createSoundInternal              :     flush successful.
[LOG] System::createSoundInternal              :     switch file handle from small blocking single buffered to large nonblocking doublebuffered.
[LOG] SystemI::createSoundInternal             :     done.  OpenState now = FMOD_OPENSTATE_READY.

[LOG] AsyncThread::threadFunc                  : Finished Asynchronous operation on sound 000000003C477FA8
[LOG] SoundI::getSubSound                      : sound 000000003C477FA8.  Subsound index 0 / 1
[LOG] SystemI::createSound                     : filename = FMOD_CINETICGUN\Build\Desktop/Master Bank.bank : mode 02010082
[LOG] SystemI::createSound                     : FMOD_NONBLOCKING specified.  Putting into queue to be opened asynchronously!
[LOG] SystemI::createSound                     : setdata soundi = 000000004E742A68 : node = 000000004F3C0FE0
[LOG] SystemI::createSound                     : add node to async list : head = 0000000053539358.  list count = 0
[LOG] AsyncThread::threadFunc                  : Starting Asynchronous operation on sound 000000004E742A68
[LOG] SystemI::createSoundInternal             :     filename = FMOD_CINETICGUN\Build\Desktop/Master Bank.bank : mode 02010082
[LOG] SystemI::createSoundInternal             :     exinfo->cbsize             = 232
[LOG] SystemI::createSoundInternal             :     exinfo->length             = 4508224
[LOG] SystemI::createSoundInternal             :     exinfo->fileoffset         = 65600
[LOG] SystemI::createSoundInternal             :     exinfo->numsubsounds       = 1
[LOG] SystemI::createSoundInternal             :     exinfo->inclusionlist      = 000000004F3C10F8
[LOG] SystemI::createSoundInternal             :     exinfo->inclusionlistnum   = 1
[LOG] SystemI::createSoundInternal             :     exinfo->suggestedsoundtype = 5
[LOG] SystemI::createSoundInternal             :     exinfo->initialseekpostype = 1
[LOG] SystemI::createSoundInternal             :     Format has 1 subsounds.
[LOG] SystemI::createSoundInternal             :     Create as FMOD_CREATESTREAM
[LOG] System::createSoundInternal              :     decode buffersize = 19200 : blocksize = 256 : format = 2
[LOG] SystemI::createSample                    :     mode 02010082 length 19200 samples, lengthbytes 258624
[LOG] SystemI::createSample                    :     channels = 2
[LOG] SystemI::createSample                    :     output = 0000000053547EE8
[LOG] OutputSoftware::createSample             :     lengthpcm 19200, lengthbytes 258624, channels 2, format 2, freq 48000, mode 0201008a
[LOG] System::createSoundInternal              :     1 subsounds detected.
[LOG] System::createSoundInternal              :     Seek stream to start
[LOG] System::createSoundInternal              :     flush stream buffer
[LOG] System::createSoundInternal              :     flush successful.
[LOG] System::createSoundInternal              :     switch file handle from small blocking single buffered to large nonblocking doublebuffered.
[LOG] SystemI::createSoundInternal             :     done.  OpenState now = FMOD_OPENSTATE_READY.

[LOG] AsyncThread::threadFunc                  : Finished Asynchronous operation on sound 000000004E742A68
[LOG] SoundI::getSubSound                      : sound 000000004E742A68.  Subsound index 0 / 1
[LOG] SoundI::release                          : Tornado (000000003C477FA8)
[LOG] SoundI::release                          : remove stream samples. (000000003C477FA8)
[LOG] SoundI::release                          :     Tornado (000000005380A5A8)
[LOG] SoundI::release                          :     done
[LOG] SoundI::release                          : release subsounds. (000000003C477FA8)
[LOG] SoundI::release                          :     Tornado (000000004F608A28)
[LOG] SoundI::release                          :     done
[LOG] SoundI::release                          : release codec. (000000003C477FA8)
[LOG] SoundI::release                          : done
[LOG] SoundI::release                          : Tornado (000000004E742A68)
[LOG] SoundI::release                          : remove stream samples. (000000004E742A68)
[LOG] SoundI::release                          :     Tornado (000000005380A748)
[LOG] SoundI::release                          :     done
[LOG] SoundI::release                          : release subsounds. (000000004E742A68)
[LOG] SoundI::release                          :     Tornado (000000004F6086C8)
[LOG] SoundI::release                          :     done
[LOG] SoundI::release                          : release codec. (000000004E742A68)
[LOG] SoundI::release                          : done
[LOG] SystemI::mixerSuspend                    : Suspending output.
[LOG] SystemI::mixerResume                     : Resuming output.
[LOG] SoundI::release                          : Piano_1 (000000004E742708)
[LOG] SoundI::release                          : remove stream samples. (000000004E742708)
[LOG] SoundI::release                          :     Piano_1 (0000000053539548)
[LOG] SoundI::release                          :     done
[LOG] SoundI::release                          : release subsounds. (000000004E742708)
[LOG] SoundI::release                          :     Piano_1 (000000004F608878)
[LOG] SoundI::release                          :     done
[LOG] SoundI::release                          : release codec. (000000004E742708)
[LOG] SoundI::release                          : done
[LOG] SoundI::release                          :  (000000005353AB28)
[LOG] SoundI::release                          : release subsounds. (000000005353AB28)
[LOG] SoundI::release                          :     JaugeEnergie_Max_V1 (0000000053538EC8)
[LOG] SoundI::release                          :     done
[LOG] SoundI::release                          : release codec. (000000005353AB28)
[LOG] SoundI::release                          : done
[LOG] SoundI::release                          :  (000000005353A848)
[LOG] SoundI::release                          : release subsounds. (000000005353A848)
[LOG] SoundI::release                          :     Piano_Violiin (0000000053538B88)
[LOG] SoundI::release                          :     done
[LOG] SoundI::release                          : release codec. (000000005353A848)
[LOG] SoundI::release                          : done
[LOG] SoundI::release                          :  (000000005353AC98)
[LOG] SoundI::release                          : release subsounds. (000000005353AC98)
[LOG] SoundI::release                          :     Don_Orientation (0000000053539068)
[LOG] SoundI::release                          :     done
[LOG] SoundI::release                          : release codec. (000000005353AC98)
[LOG] SoundI::release                          : done
[LOG] SoundI::release                          :  (000000000E76D878)
[LOG] SoundI::release                          : release subsounds. (000000000E76D878)
[LOG] SoundI::release                          :     Don_Orientation_V2 (000000003C15AD88)
[LOG] SoundI::release                          :     done
[LOG] SoundI::release                          : release codec. (000000000E76D878)
[LOG] SoundI::release                          : done
[LOG] SoundI::release                          :  (000000000E76D708)
[LOG] SoundI::release                          : release subsounds. (000000000E76D708)
[LOG] SoundI::release                          :     Nouvelle_Orientation_V1 (000000003C159A08)
[LOG] SoundI::release                          :     done
[LOG] SoundI::release                          : release codec. (000000000E76D708)
[LOG] SoundI::release                          : done
[LOG] SoundI::release                          :  (000000000E76CA18)
[LOG] SoundI::release                          : release subsounds. (000000000E76CA18)
[LOG] SoundI::release                          :     Absorbe_Orientation (000000003C1596C8)
[LOG] SoundI::release                          :     done
[LOG] SoundI::release                          : release codec. (000000000E76CA18)
[LOG] SoundI::release                          : done
[LOG] SoundI::release                          :  (000000000E76CE68)
[LOG] SoundI::release                          : release subsounds. (000000000E76CE68)
[LOG] SoundI::release                          :     Absorbe_Orientation2 (000000003C15A568)
[LOG] SoundI::release                          :     done
[LOG] SoundI::release                          : release codec. (000000000E76CE68)
[LOG] SoundI::release                          : done
[LOG] SoundI::release                          :  (000000000E76CB88)
[LOG] SoundI::release                          : release subsounds. (000000000E76CB88)
[LOG] SoundI::release                          :     Piano_2 (000000003C159528)
[LOG] SoundI::release                          :     done
[LOG] SoundI::release                          : release codec. (000000000E76CB88)
[LOG] SoundI::release                          : done
[LOG] SoundI::release                          :  (000000000E76DB58)
[LOG] SoundI::release                          : release subsounds. (000000000E76DB58)
[LOG] SoundI::release                          :     Lock (000000003C159BA8)
[LOG] SoundI::release                          :     done
[LOG] SoundI::release                          : release codec. (000000000E76DB58)
[LOG] SoundI::release                          : done
[LOG] SoundI::release                          :  (000000000E76D2B8)
[LOG] SoundI::release                          : release subsounds. (000000000E76D2B8)
[LOG] SoundI::release                          :     Aspiration_Energie_Moyenne_V1 (000000003C159D48)
[LOG] SoundI::release                          :     done
[LOG] SoundI::release                          : release codec. (000000000E76D2B8)
[LOG] SoundI::release                          : done
[LOG] SoundI::release                          :  (000000000E76D428)
[LOG] SoundI::release                          : release subsounds. (000000000E76D428)
[LOG] SoundI::release                          :     Don_Énergie (000000003C15A3C8)
[LOG] SoundI::release                          :     done
[LOG] SoundI::release                          : release codec. (000000000E76D428)
[LOG] SoundI::release                          : done
[LOG] SoundI::release                          :  (000000000E76DCC8)
[LOG] SoundI::release                          : release subsounds. (000000000E76DCC8)
[LOG] SoundI::release                          :     Gun_Aspiration_V1 (00000000535389E8)
[LOG] SoundI::release                          :     done
[LOG] SoundI::release                          : release codec. (000000000E76DCC8)
[LOG] SoundI::release                          : done
[LOG] SoundI::release                          :  (000000005353A9B8)
[LOG] SoundI::release                          : release subsounds. (000000005353A9B8)
[LOG] SoundI::release                          :     Unlock (0000000053538D28)
[LOG] SoundI::release                          :     done
[LOG] SoundI::release                          : release codec. (000000005353A9B8)
[LOG] SoundI::release                          : done
[LOG] SoundI::release                          :  (000000000E76DE38)
[LOG] SoundI::release                          : release subsounds. (000000000E76DE38)
[LOG] SoundI::release                          :     Saut (000000003C159EE8)
[LOG] SoundI::release                          :     done
[LOG] SoundI::release                          : release codec. (000000000E76DE38)
[LOG] SoundI::release                          : done
[LOG] SoundI::release                          :  (000000000E76D598)
[LOG] SoundI::release                          : release subsounds. (000000000E76D598)
[LOG] SoundI::release                          :     JaugeEnergie_Min_V1 (000000003C159868)
[LOG] SoundI::release                          :     done
[LOG] SoundI::release                          : release codec. (000000000E76D598)
[LOG] SoundI::release                          : done
[LOG] SoundI::release                          :  (000000000E76D148)
[LOG] SoundI::release                          : release subsounds. (000000000E76D148)
[LOG] SoundI::release                          :     Jump_V2 (000000003C15A228)
[LOG] SoundI::release                          :     done
[LOG] SoundI::release                          : release codec. (000000000E76D148)
[LOG] SoundI::release                          : done
[LOG] SoundI::release                          :  (000000000E76D9E8)
[LOG] SoundI::release                          : release subsounds. (000000000E76D9E8)
[LOG] SoundI::release                          :     DestructionEtrange7 (0000000053538848)
[LOG] SoundI::release                          :     done
[LOG] SoundI::release                          : release codec. (000000000E76D9E8)
[LOG] SoundI::release                          : done
[LOG] SoundI::release                          :  (000000000E76CCF8)
[LOG] SoundI::release                          : release subsounds. (000000000E76CCF8)
[LOG] SoundI::release                          :     DestructionEtrange5 (000000003C15ABE8)
[LOG] SoundI::release                          :     done
[LOG] SoundI::release                          : release codec. (000000000E76CCF8)
[LOG] SoundI::release                          : done
[LOG] SoundI::release                          :  (000000000E76CFD8)
[LOG] SoundI::release                          : release subsounds. (000000000E76CFD8)
[LOG] SoundI::release                          :     AGNUSDEI02 (000000003C15A708)
[LOG] SoundI::release                          :     done
[LOG] SoundI::release                          : release codec. (000000000E76CFD8)
[LOG] SoundI::release                          : done
[LOG] Thread::callback                         : FMOD Studio update thread finished.
[LOG] Thread::callback                         : FMOD Studio bank load thread finished.
[LOG] Profile::disconnectAll                   : Profiler disconnecting all clients
[LOG] Thread::callback                         : FMOD Studio sample load thread finished.
[LOG] LiveUpdate::release                      : 
[LOG] LiveUpdate::reset                        : Reset connection (reason Disconnected)
[LOG] SystemI::close                           : 
[LOG] SystemI::close                           : Stop all sounds
[LOG] Thread::callback                         : FMOD stream thread finished.
[LOG] SystemI::close                           : Stream thread destroyed
[LOG] Thread::callback                         : FMOD mixer thread finished.
[LOG] Profile::disconnectAll                   : Profiler disconnecting all clients
[LOG] SystemI::close                           : Free master channel group.
[LOG] SystemI::close                           : Remove 'master' sound group.
[LOG] SystemI::close                           : Free software output.
[LOG] SystemI::close                           : Free emulated output.
[LOG] SystemI::close                           : Free channel pool.
[LOG] SystemI::close                           : done.

[LOG] Thread::callback                         : FMOD Studio bank load thread finished.
[LOG] Thread::callback                         : FMOD Studio sample load thread finished.
[LOG] LiveUpdate::release                      : 
[LOG] LiveUpdate::reset                        : Reset connection (reason Disconnected)
[LOG] SystemI::close                           : 
[LOG] SystemI::close                           : Stop all sounds
[LOG] Thread::callback                         : FMOD stream thread finished.
[LOG] SystemI::close                           : Stream thread destroyed
[LOG] Thread::callback                         : FMOD mixer thread finished.
[LOG] SystemI::close                           : Free master channel group.
[LOG] SystemI::close                           : Remove 'master' sound group.
[LOG] SystemI::close                           : Free software output.
[LOG] SystemI::close                           : Free emulated output.
[LOG] SystemI::close                           : Free channel pool.
[LOG] SystemI::close                           : done.

